Using pre-set license
Built from '2020.2/staging' branch; Version is '2020.2.6f1 (8a2143876886) revision 9052483'; Using compiler version '192528614'; Build Type 'Release'
OS: 'Windows 10 Pro; OS build 19042.804; Version 2009; 64bit' Language: 'en' Physical Memory: 32609 MB
BatchMode: 1, IsHumanControllingUs: 0, StartBugReporterOnCrash: 0, Is64bit: 1, IsPro: 0

 COMMAND LINE ARGUMENTS:
C:\Program Files\Unity\Editor\2019.4.0f1\Editor\2020.2.6f1\Editor\Unity.exe
-adb2
-batchMode
-noUpm
-name
AssetImportWorker0
-projectPath
D:/Projects/Really Bad/dungeonts
-logFile
Logs/AssetImportWorker0.log
-srvPort
59513
Successfully changed project path to: D:/Projects/Really Bad/dungeonts
D:/Projects/Really Bad/dungeonts
Using Asset Import Pipeline V2.
Refreshing native plugins compatible for Editor in 61.60 ms, found 3 plugins.
Preloading 0 native plugins for Editor in 0.00 ms.
Initialize engine version: 2020.2.6f1 (8a2143876886)
[Subsystems] Discovering subsystems at path C:/Program Files/Unity/Editor/2019.4.0f1/Editor/2020.2.6f1/Editor/Data/Resources/UnitySubsystems
[Subsystems] Discovering subsystems at path D:/Projects/Really Bad/dungeonts/Assets
GfxDevice: creating device client; threaded=0
Direct3D:
    Version:  Direct3D 11.0 [level 11.1]
    Renderer: NVIDIA GeForce RTX 2060 (ID=0x1f11)
    Vendor:   
    VRAM:     5980 MB
    Driver:   27.21.14.6140
Initialize mono
Mono path[0] = 'C:/Program Files/Unity/Editor/2019.4.0f1/Editor/2020.2.6f1/Editor/Data/Managed'
Mono path[1] = 'C:/Program Files/Unity/Editor/2019.4.0f1/Editor/2020.2.6f1/Editor/Data/MonoBleedingEdge/lib/mono/unityjit'
Mono config path = 'C:/Program Files/Unity/Editor/2019.4.0f1/Editor/2020.2.6f1/Editor/Data/MonoBleedingEdge/etc'
Using monoOptions --debugger-agent=transport=dt_socket,embedding=1,server=y,suspend=n,address=127.0.0.1:56616
Begin MonoManager ReloadAssembly
Registering precompiled unity dll's ...
Register platform support module: C:/Program Files/Unity/Editor/2019.4.0f1/Editor/2020.2.6f1/Editor/Data/PlaybackEngines/WebGLSupport/UnityEditor.WebGL.Extensions.dll
Register platform support module: C:/Program Files/Unity/Editor/2019.4.0f1/Editor/2020.2.6f1/Editor/Data/PlaybackEngines/MacStandaloneSupport/UnityEditor.OSXStandalone.Extensions.dll
Register platform support module: C:/Program Files/Unity/Editor/2019.4.0f1/Editor/2020.2.6f1/Editor/Data/PlaybackEngines/WindowsStandaloneSupport/UnityEditor.WindowsStandalone.Extensions.dll
Register platform support module: C:/Program Files/Unity/Editor/2019.4.0f1/Editor/2020.2.6f1/Editor/Data/PlaybackEngines/LinuxStandaloneSupport/UnityEditor.LinuxStandalone.Extensions.dll
Registered in 0.004495 seconds.
Native extension for LinuxStandalone target not found
Native extension for WindowsStandalone target not found
Native extension for OSXStandalone target not found
Native extension for WebGL target not found
Refreshing native plugins compatible for Editor in 35.17 ms, found 3 plugins.
Preloading 0 native plugins for Editor in 0.00 ms.
Invoked RoslynAnalysisRunner static constructor.
RoslynAnalysisRunner will not be running.
RoslynAnalysisRunner has terminated.
Mono: successfully reloaded assembly
- Completed reload, in  2.518 seconds
Platform modules already initialized, skipping
Registering precompiled user dll's ...
Registered in 0.004003 seconds.
Begin MonoManager ReloadAssembly
Native extension for LinuxStandalone target not found
Native extension for WindowsStandalone target not found
Native extension for OSXStandalone target not found
Native extension for WebGL target not found
Refreshing native plugins compatible for Editor in 0.51 ms, found 3 plugins.
Preloading 0 native plugins for Editor in 0.00 ms.
Invoked RoslynAnalysisRunner static constructor.
RoslynAnalysisRunner will not be running.
RoslynAnalysisRunner has terminated.
Mono: successfully reloaded assembly
- Completed reload, in  0.846 seconds
Platform modules already initialized, skipping
========================================================================
Worker process is ready to serve import requests
Launched and connected shader compiler UnityShaderCompiler.exe after 0.12 seconds
Refreshing native plugins compatible for Editor in 1.06 ms, found 3 plugins.
Preloading 0 native plugins for Editor in 0.00 ms.
Unloading 1591 Unused Serialized files (Serialized files now loaded: 0)
System memory in use before: 73.6 MB.
System memory in use after: 73.7 MB.

Unloading 44 unused Assets to reduce memory usage. Loaded Objects now: 2062.
Total: 3.515000 ms (FindLiveObjects: 0.368000 ms CreateObjectMapping: 0.146100 ms MarkObjects: 2.873200 ms  DeleteObjects: 0.125400 ms)

========================================================================
Received Import Request.
  path: Assets/Pegasus-Boot-sprite.png
  artifactKey: Guid(c577c48535756ed4c8f9b1e0764c9cfe) Importer(815301076,1909f56bfc062723c751e8b465ee728b)
Start importing Assets/Pegasus-Boot-sprite.png using Guid(c577c48535756ed4c8f9b1e0764c9cfe) Importer(815301076,1909f56bfc062723c751e8b465ee728b)  -> (artifact id: '669a92d657c54b697cab447e7e5e0c1e') in 0.236656 seconds
  Import took 0.241558 seconds .

========================================================================
Received Import Request.
  Time since last request: 0.000429 seconds.
  path: Assets/pocket-basics-2-label-layered-template-rectangle-rounded-corners-medium-graphic-documentarian.png
  artifactKey: Guid(0d9fdbb53589f764bb2c10ba5dcc76f0) Importer(815301076,1909f56bfc062723c751e8b465ee728b)
Start importing Assets/pocket-basics-2-label-layered-template-rectangle-rounded-corners-medium-graphic-documentarian.png using Guid(0d9fdbb53589f764bb2c10ba5dcc76f0) Importer(815301076,1909f56bfc062723c751e8b465ee728b)  -> (artifact id: '087c57bb8efbb057bd5816e425c8b1e7') in 0.025552 seconds
  Import took 0.031227 seconds .

========================================================================
Received Import Request.
  Time since last request: 0.004245 seconds.
  path: Assets/pocket-basics-2-label-layered-template-rectangle-rounded-corners-medium-graphic-documentarian.png
  artifactKey: Guid(0d9fdbb53589f764bb2c10ba5dcc76f0) Importer(815301076,1909f56bfc062723c751e8b465ee728b)
Start importing Assets/pocket-basics-2-label-layered-template-rectangle-rounded-corners-medium-graphic-documentarian.png using Guid(0d9fdbb53589f764bb2c10ba5dcc76f0) Importer(815301076,1909f56bfc062723c751e8b465ee728b)  -> (artifact id: '087c57bb8efbb057bd5816e425c8b1e7') in 0.023845 seconds
  Import took 0.029588 seconds .

AssetImportWorkerClient::OnTransportError - code=2 error=End of file
